<?xml version="1.0" encoding="UTF-8"?>
<testng-results ignored="0" total="1" passed="1" failed="0" skipped="0">
  <reporter-output>
  </reporter-output>
  <suite started-at="2024-07-25T15:54:53 IST" name="Default suite" finished-at="2024-07-25T15:56:02 IST" duration-ms="69671">
    <groups>
    </groups>
    <test started-at="2024-07-25T15:54:53 IST" name="Default test" finished-at="2024-07-25T15:56:02 IST" duration-ms="69671">
      <class name="Testing.ReUserMethod">
        <test-method is-config="true" signature="openbrowser()[pri:0, instance:Testing.ReUserMethod@59309333]" started-at="2024-07-25T15:54:53 IST" name="openbrowser" finished-at="2024-07-25T15:54:57 IST" duration-ms="4095" status="PASS">
          <reporter-output>
          </reporter-output>
        </test-method> <!-- openbrowser -->
        <test-method signature="mytestcases()[pri:0, instance:Testing.ReUserMethod@59309333]" started-at="2024-07-25T15:54:57 IST" name="mytestcases" finished-at="2024-07-25T15:56:02 IST" duration-ms="65131" status="PASS">
          <reporter-output>
          </reporter-output>
        </test-method> <!-- mytestcases -->
        <test-method is-config="true" signature="closebrowser()[pri:0, instance:Testing.ReUserMethod@59309333]" started-at="2024-07-25T15:56:02 IST" name="closebrowser" finished-at="2024-07-25T15:56:02 IST" duration-ms="347" status="PASS">
          <reporter-output>
          </reporter-output>
        </test-method> <!-- closebrowser -->
      </class> <!-- Testing.ReUserMethod -->
    </test> <!-- Default test -->
  </suite> <!-- Default suite -->
</testng-results>
